<?xml version="1.0" encoding="UTF-8"?>
<!-- Generated by org.testng.reporters.JUnitReportReporter -->
<testsuite hostname="DESKTOP-REHK3R4" name="runner.TestRunner" tests="1" failures="0" timestamp="24 Oct 2019 19:03:51 GMT" time="14.283" errors="0">
  <testcase name="feature" time="14.283" classname="runner.TestRunner"/>
</testsuite> <!-- runner.TestRunner -->
